<?xml version="1.0" encoding="UTF-8"?>
<!-- Generated by org.testng.reporters.JUnitReportReporter -->
<testsuite hostname="SELVA-PC" failures="0" tests="2" name="DemoTesting.Test1" time="0.028" errors="0" timestamp="2024-09-08T20:30:43 IST" skipped="0">
  <testcase classname="DemoTesting.Test1" name="dis" time="0.021"/>
  <system-out/>
  <testcase classname="DemoTesting.Test1" name="ab" time="0.007"/>
  <system-out/>
</testsuite> <!-- DemoTesting.Test1 -->
