<?xml version="1.0" encoding="UTF-8"?>
<!-- Generated by org.testng.reporters.JUnitReportReporter -->
<testsuite hostname="SELVA-PC" failures="0" tests="3" name="DemoTestNg.NewTest" time="53.750" errors="0" timestamp="2024-09-09T21:47:49 IST" skipped="0">
  <testcase classname="DemoTestNg.NewTest" name="websiteopen" time="17.773"/>
  <system-out/>
  <testcase classname="DemoTestNg.NewTest" name="searchbox" time="8.657"/>
  <system-out/>
  <testcase classname="DemoTestNg.NewTest" name="clickImage" time="27.320"/>
  <system-out/>
</testsuite> <!-- DemoTestNg.NewTest -->
