<?xml version="1.0" encoding="UTF-8"?>
<!-- Generated by org.testng.reporters.JUnitReportReporter -->
<testsuite hostname="SELVA-PC" failures="0" tests="3" name="DemoTestNg.Demo" time="50.462" errors="0" timestamp="2024-09-14T21:56:07 IST" skipped="0">
  <testcase classname="DemoTestNg.Demo" name="websiteopen" time="41.769"/>
  <system-out/>
  <testcase classname="DemoTestNg.Demo" name="login" time="5.826"/>
  <system-out/>
  <testcase classname="DemoTestNg.Demo" name="logout" time="2.867"/>
  <system-out/>
</testsuite> <!-- DemoTestNg.Demo -->
